2025-08-12 13:47:38,985 INFO Base de données initialisée avec succès
2025-08-12 13:50:25,086 INFO Base de données initialisée avec succès
2025-08-12 13:55:52,899 INFO Base de données initialisée avec succès
2025-08-12 13:56:44,146 INFO Base de données initialisée avec succès
2025-08-12 14:04:56,177 INFO Base de données initialisée avec succès
2025-08-12 14:19:43,815 INFO Base de données initialisée avec succès
2025-08-12 14:23:26,962 INFO Base de données initialisée avec succès
2025-08-12 14:28:31,438 ERROR Error in ocr_preview: 'exc_info' is an invalid keyword argument for print()
Traceback (most recent call last):
  File "C:\Users\wadii\Desktop\stage_emsi_evoleo\backend\main.py", line 1037, in ocr_preview
    print(f"Search radius: {search_radius_x}px horizontal, {search_radius_y}px vertical")
                            ^^^^^^^^^^^^^^^
NameError: name 'search_radius_x' is not defined

During handling of the above exception, another exception occurred:

Traceback (most recent call last):
  File "C:\Users\wadii\Desktop\stage_emsi_evoleo\backend\main.py", line 1073, in ocr_preview
    print(f"Error extracting numFacture: {e}", exc_info=True)
TypeError: 'exc_info' is an invalid keyword argument for print()

2025-08-12 14:28:57,594 ERROR Error in ocr_preview: 'exc_info' is an invalid keyword argument for print()
Traceback (most recent call last):
  File "C:\Users\wadii\Desktop\stage_emsi_evoleo\backend\main.py", line 1037, in ocr_preview
    print(f"Search radius: {search_radius_x}px horizontal, {search_radius_y}px vertical")
                            ^^^^^^^^^^^^^^^
NameError: name 'search_radius_x' is not defined

During handling of the above exception, another exception occurred:

Traceback (most recent call last):
  File "C:\Users\wadii\Desktop\stage_emsi_evoleo\backend\main.py", line 1073, in ocr_preview
    print(f"Error extracting numFacture: {e}", exc_info=True)
TypeError: 'exc_info' is an invalid keyword argument for print()

2025-08-12 14:30:32,142 INFO Base de données initialisée avec succès
2025-08-12 14:34:03,162 INFO Base de données initialisée avec succès
2025-08-12 14:40:59,667 INFO Base de données initialisée avec succès
2025-08-12 14:42:31,453 INFO Base de données initialisée avec succès
2025-08-12 14:52:52,020 INFO Base de données initialisée avec succès
2025-08-12 14:56:49,773 INFO Base de données initialisée avec succès
2025-08-12 15:10:36,890 INFO Base de données initialisée avec succès
2025-08-12 15:14:12,483 INFO Base de données initialisée avec succès
2025-08-12 15:15:25,310 INFO Base de données initialisée avec succès
2025-08-12 15:15:53,836 INFO Base de données initialisée avec succès
2025-08-12 15:20:47,414 INFO Base de données initialisée avec succès
2025-08-12 15:44:04,094 INFO Base de données initialisée avec succès
2025-08-12 15:47:06,960 INFO Base de données initialisée avec succès
2025-08-12 15:47:59,458 INFO Base de données initialisée avec succès
2025-08-12 15:49:51,939 INFO Base de données initialisée avec succès
2025-08-12 15:56:09,262 INFO Base de données initialisée avec succès
2025-08-12 16:01:04,513 INFO Base de données initialisée avec succès
2025-08-12 16:03:16,414 INFO Base de données initialisée avec succès
2025-08-12 17:29:14,469 INFO Base de données initialisée avec succès
2025-08-12 17:39:06,141 INFO Base de données initialisée avec succès
2025-08-12 17:44:52,585 INFO Base de données initialisée avec succès
2025-08-12 17:47:05,274 INFO Base de données initialisée avec succès
2025-08-12 17:49:31,991 INFO Base de données initialisée avec succès
2025-08-12 17:52:07,290 INFO Base de données initialisée avec succès
2025-08-12 17:54:33,839 INFO Base de données initialisée avec succès
2025-08-12 17:57:13,357 INFO Base de données initialisée avec succès
2025-08-12 17:59:04,098 ERROR Error in ocr_preview: 'keyword_text'
Traceback (most recent call last):
  File "C:\Users\wadii\Desktop\stage_emsi_evoleo\backend\main.py", line 980, in ocr_preview
    print(f"\n\u2705 SELECTED HT: {ht_extracted} (from '{ht_match['value_text']}', keyword: '{ht_match['keyword_text']}')")
                                                                                          ~~~~~~~~^^^^^^^^^^^^^^^^
KeyError: 'keyword_text'

2025-08-12 18:00:11,096 INFO Base de données initialisée avec succès
2025-08-12 18:04:11,101 INFO Base de données initialisée avec succès
2025-08-12 18:36:23,763 INFO Base de données initialisée avec succès
2025-08-12 18:44:24,577 INFO Base de données initialisée avec succès
2025-08-12 18:47:03,257 INFO Base de données initialisée avec succès
2025-08-12 18:47:16,208 INFO Base de données initialisée avec succès
2025-08-12 18:47:42,330 INFO Base de données initialisée avec succès
2025-08-12 18:49:12,158 INFO Base de données initialisée avec succès
2025-08-12 18:59:30,015 INFO Base de données initialisée avec succès
2025-08-12 19:05:53,756 INFO Base de données initialisée avec succès
2025-08-12 20:35:27,542 INFO Base de données initialisée avec succès
2025-08-12 20:35:36,593 ERROR Error in ocr_preview: name 'is_valid_num_facture_keyword' is not defined
Traceback (most recent call last):
  File "C:\Users\wadii\Desktop\stage_emsi_evoleo\backend\main.py", line 1013, in ocr_preview
    num_facture_match = find_value_for_field(is_valid_num_facture_keyword, is_tva=False, field_name="Numéro de facture")
                                             ^^^^^^^^^^^^^^^^^^^^^^^^^^^^
NameError: name 'is_valid_num_facture_keyword' is not defined

2025-08-12 20:35:38,500 ERROR Error in ocr_preview: name 'is_valid_num_facture_keyword' is not defined
Traceback (most recent call last):
  File "C:\Users\wadii\Desktop\stage_emsi_evoleo\backend\main.py", line 1013, in ocr_preview
    num_facture_match = find_value_for_field(is_valid_num_facture_keyword, is_tva=False, field_name="Numéro de facture")
                                             ^^^^^^^^^^^^^^^^^^^^^^^^^^^^
NameError: name 'is_valid_num_facture_keyword' is not defined

2025-08-12 20:35:40,244 ERROR Error in ocr_preview: name 'is_valid_num_facture_keyword' is not defined
Traceback (most recent call last):
  File "C:\Users\wadii\Desktop\stage_emsi_evoleo\backend\main.py", line 1013, in ocr_preview
    num_facture_match = find_value_for_field(is_valid_num_facture_keyword, is_tva=False, field_name="Numéro de facture")
                                             ^^^^^^^^^^^^^^^^^^^^^^^^^^^^
NameError: name 'is_valid_num_facture_keyword' is not defined

2025-08-12 20:35:42,463 ERROR Error in ocr_preview: name 'is_valid_num_facture_keyword' is not defined
Traceback (most recent call last):
  File "C:\Users\wadii\Desktop\stage_emsi_evoleo\backend\main.py", line 1013, in ocr_preview
    num_facture_match = find_value_for_field(is_valid_num_facture_keyword, is_tva=False, field_name="Numéro de facture")
                                             ^^^^^^^^^^^^^^^^^^^^^^^^^^^^
NameError: name 'is_valid_num_facture_keyword' is not defined

2025-08-12 20:35:44,460 ERROR Error in ocr_preview: name 'is_valid_num_facture_keyword' is not defined
Traceback (most recent call last):
  File "C:\Users\wadii\Desktop\stage_emsi_evoleo\backend\main.py", line 1013, in ocr_preview
    num_facture_match = find_value_for_field(is_valid_num_facture_keyword, is_tva=False, field_name="Numéro de facture")
                                             ^^^^^^^^^^^^^^^^^^^^^^^^^^^^
NameError: name 'is_valid_num_facture_keyword' is not defined

2025-08-12 20:40:03,458 ERROR Error in ocr_preview: name 'is_valid_num_facture_keyword' is not defined
Traceback (most recent call last):
  File "C:\Users\wadii\Desktop\stage_emsi_evoleo\backend\main.py", line 1013, in ocr_preview
    num_facture_match = find_value_for_field(is_valid_num_facture_keyword, is_tva=False, field_name="Numéro de facture")
                                             ^^^^^^^^^^^^^^^^^^^^^^^^^^^^
NameError: name 'is_valid_num_facture_keyword' is not defined

2025-08-12 20:40:05,669 ERROR Error in ocr_preview: name 'is_valid_num_facture_keyword' is not defined
Traceback (most recent call last):
  File "C:\Users\wadii\Desktop\stage_emsi_evoleo\backend\main.py", line 1013, in ocr_preview
    num_facture_match = find_value_for_field(is_valid_num_facture_keyword, is_tva=False, field_name="Numéro de facture")
                                             ^^^^^^^^^^^^^^^^^^^^^^^^^^^^
NameError: name 'is_valid_num_facture_keyword' is not defined

2025-08-12 20:40:06,996 ERROR Error in ocr_preview: name 'is_valid_num_facture_keyword' is not defined
Traceback (most recent call last):
  File "C:\Users\wadii\Desktop\stage_emsi_evoleo\backend\main.py", line 1013, in ocr_preview
    num_facture_match = find_value_for_field(is_valid_num_facture_keyword, is_tva=False, field_name="Numéro de facture")
                                             ^^^^^^^^^^^^^^^^^^^^^^^^^^^^
NameError: name 'is_valid_num_facture_keyword' is not defined

2025-08-12 20:40:08,110 ERROR Error in ocr_preview: name 'is_valid_num_facture_keyword' is not defined
Traceback (most recent call last):
  File "C:\Users\wadii\Desktop\stage_emsi_evoleo\backend\main.py", line 1013, in ocr_preview
    num_facture_match = find_value_for_field(is_valid_num_facture_keyword, is_tva=False, field_name="Numéro de facture")
                                             ^^^^^^^^^^^^^^^^^^^^^^^^^^^^
NameError: name 'is_valid_num_facture_keyword' is not defined

2025-08-12 20:40:09,158 ERROR Error in ocr_preview: name 'is_valid_num_facture_keyword' is not defined
Traceback (most recent call last):
  File "C:\Users\wadii\Desktop\stage_emsi_evoleo\backend\main.py", line 1013, in ocr_preview
    num_facture_match = find_value_for_field(is_valid_num_facture_keyword, is_tva=False, field_name="Numéro de facture")
                                             ^^^^^^^^^^^^^^^^^^^^^^^^^^^^
NameError: name 'is_valid_num_facture_keyword' is not defined

2025-08-12 20:42:33,927 INFO Base de données initialisée avec succès
2025-08-12 20:48:58,217 INFO Base de données initialisée avec succès
2025-08-12 20:50:45,052 ERROR Error in ocr_preview: name 'is_valid_num_facture_keyword' is not defined
Traceback (most recent call last):
  File "C:\Users\wadii\Desktop\stage_emsi_evoleo\backend\main.py", line 1013, in ocr_preview
    num_facture_match = find_value_for_field(is_valid_num_facture_keyword, is_tva=False, field_name="Numéro de facture")
                                             ^^^^^^^^^^^^^^^^^^^^^^^^^^^^
NameError: name 'is_valid_num_facture_keyword' is not defined

2025-08-12 20:53:51,282 INFO Base de données initialisée avec succès
2025-08-12 20:55:33,897 ERROR Error in ocr_preview: name 'get_field_using_mapping' is not defined
Traceback (most recent call last):
  File "C:\Users\wadii\Desktop\stage_emsi_evoleo\backend\main.py", line 1017, in ocr_preview
    field_value = get_field_using_mapping(detected_boxes, template_id, "numeroFacture")
                  ^^^^^^^^^^^^^^^^^^^^^^^
NameError: name 'get_field_using_mapping' is not defined

2025-08-12 20:58:33,651 INFO Base de données initialisée avec succès
2025-08-12 21:02:11,976 INFO Base de données initialisée avec succès
2025-08-12 21:10:25,256 ERROR Error in ocr_preview: name 'datefacturation_time' is not defined
Traceback (most recent call last):
  File "C:\Users\wadii\Desktop\stage_emsi_evoleo\backend\main.py", line 1339, in ocr_preview
    print(f"\U0001f4c5 Invoice Date: {datefacturation_value} (took {datefacturation_time:.4f}s)")
                                                            ^^^^^^^^^^^^^^^^^^^^
NameError: name 'datefacturation_time' is not defined

2025-08-12 21:12:16,412 INFO Base de données initialisée avec succès
2025-08-12 21:13:06,849 INFO Base de données initialisée avec succès
2025-08-12 21:31:16,375 INFO Base de données initialisée avec succès
2025-08-12 21:34:37,648 INFO Base de données initialisée avec succès
2025-08-12 21:41:47,019 INFO Base de données initialisée avec succès
2025-08-13 12:46:38,281 INFO Base de données initialisée avec succès
2025-08-13 12:53:01,148 ERROR Erreur lors de l'écriture dans le fichier DBF: field 'NUMFACT': ('tried to store 18 bytes in 15 byte field',)
2025-08-13 12:53:01,179 ERROR Erreur fatale lors de la création du fichier DBF: C:\Users\pc\Desktop\stage_emsi_2025\backend\foxpro\factures.dbf not in read/write mode, unable to append records
2025-08-13 12:53:01,179 WARNING Impossible de créer le fichier DBF: C:\Users\pc\Desktop\stage_emsi_2025\backend\foxpro\factures.dbf not in read/write mode, unable to append records
2025-08-13 13:22:23,965 INFO Base de données initialisée avec succès
2025-08-13 13:22:43,522 INFO Base de données initialisée avec succès
2025-08-13 13:24:47,819 INFO Database tables created successfully
2025-08-13 13:24:47,819 INFO Default data inserted successfully
2025-08-13 13:24:47,819 INFO Database initialization completed successfully
2025-08-13 13:26:56,888 INFO Database tables created successfully
2025-08-13 13:26:56,888 INFO Default data inserted successfully
2025-08-13 13:26:56,888 INFO Database initialization completed successfully
2025-08-13 13:27:17,254 ERROR Error getting mappings: 'user_id'
2025-08-13 13:29:29,308 INFO Database tables created successfully
2025-08-13 13:29:29,308 INFO Default data inserted successfully
2025-08-13 13:29:29,308 INFO Database initialization completed successfully
2025-08-13 13:32:30,618 INFO Database tables created successfully
2025-08-13 13:32:30,618 INFO Default data inserted successfully
2025-08-13 13:32:30,618 INFO Database initialization completed successfully
2025-08-13 13:37:52,526 INFO Database tables created successfully
2025-08-13 13:37:52,526 INFO Default data inserted successfully
2025-08-13 13:37:52,542 INFO Database initialization completed successfully
2025-08-13 13:43:26,359 INFO Base de données initialisée avec succès
2025-08-13 13:45:26,995 INFO Database tables created successfully
2025-08-13 13:45:27,011 INFO Default data inserted successfully
2025-08-13 13:45:27,011 INFO Database initialization completed successfully
2025-08-13 13:52:02,021 INFO Database tables created successfully
2025-08-13 13:52:02,025 INFO Default data inserted successfully
2025-08-13 13:52:02,025 INFO Database initialization completed successfully
2025-08-13 13:59:17,056 INFO Database tables created successfully
2025-08-13 13:59:17,071 INFO Default data inserted successfully
2025-08-13 13:59:17,071 INFO Database initialization completed successfully
2025-08-13 14:07:27,831 INFO Database tables created successfully
2025-08-13 14:07:27,831 INFO Default data inserted successfully
2025-08-13 14:07:27,831 INFO Database initialization completed successfully
2025-08-13 14:08:20,385 ERROR Unexpected error saving mapping: save_mapping() got an unexpected keyword argument 'template_id'
Traceback (most recent call last):
  File "C:\Users\pc\Desktop\stage_emsi_2025\backend\main_refactored.py", line 445, in save_field_mapping
    success = await template_service.save_mapping(
TypeError: save_mapping() got an unexpected keyword argument 'template_id'
2025-08-13 14:09:47,892 INFO Database tables created successfully
2025-08-13 14:09:47,892 INFO Default data inserted successfully
2025-08-13 14:09:47,892 INFO Database initialization completed successfully
2025-08-13 14:22:51,241 INFO Database tables created successfully
2025-08-13 14:22:51,241 INFO Default data inserted successfully
2025-08-13 14:22:51,241 INFO Database initialization completed successfully
2025-08-13 14:26:45,229 INFO Database tables created successfully
2025-08-13 14:26:45,229 INFO Default data inserted successfully
2025-08-13 14:26:45,229 INFO Database initialization completed successfully
2025-08-13 14:32:11,368 INFO Database tables created successfully
2025-08-13 14:32:11,370 INFO Default data inserted successfully
2025-08-13 14:32:11,370 INFO Database initialization completed successfully
2025-08-13 18:43:25,101 INFO Database tables created successfully
2025-08-13 18:43:25,110 INFO Default data inserted successfully
2025-08-13 18:43:25,110 INFO Database initialization completed successfully
2025-08-13 18:46:40,070 ERROR Erreur lors de l'écriture dans le fichier DBF: field 'NUMFACT': ('tried to store 19 bytes in 15 byte field',)
2025-08-13 18:46:40,076 ERROR Erreur fatale lors de la création du fichier DBF: [WinError 32] The process cannot access the file because it is being used by another process: 'C:\\Users\\pc\\Desktop\\stage_emsi_2025\\backend\\foxpro\\factures.dbf'
2025-08-13 18:46:40,076 WARNING Impossible de créer le fichier DBF: [WinError 32] The process cannot access the file because it is being used by another process: 'C:\\Users\\pc\\Desktop\\stage_emsi_2025\\backend\\foxpro\\factures.dbf'
2025-08-13 18:46:46,060 ERROR Erreur lors de l'écriture dans le fichier DBF: field 'NUMFACT': ('tried to store 19 bytes in 15 byte field',)
2025-08-13 18:46:46,062 ERROR Erreur fatale lors de la création du fichier DBF: [WinError 32] The process cannot access the file because it is being used by another process: 'C:\\Users\\pc\\Desktop\\stage_emsi_2025\\backend\\foxpro\\factures.dbf'
2025-08-13 18:46:46,062 WARNING Impossible de créer le fichier DBF: [WinError 32] The process cannot access the file because it is being used by another process: 'C:\\Users\\pc\\Desktop\\stage_emsi_2025\\backend\\foxpro\\factures.dbf'
2025-08-13 18:47:51,597 ERROR Erreur lors de l'écriture dans le fichier DBF: field 'NUMFACT': ('tried to store 19 bytes in 15 byte field',)
2025-08-13 18:47:51,597 ERROR Erreur fatale lors de la création du fichier DBF: [WinError 32] The process cannot access the file because it is being used by another process: 'C:\\Users\\pc\\Desktop\\stage_emsi_2025\\backend\\foxpro\\factures.dbf'
2025-08-13 18:47:51,599 WARNING Impossible de créer le fichier DBF: [WinError 32] The process cannot access the file because it is being used by another process: 'C:\\Users\\pc\\Desktop\\stage_emsi_2025\\backend\\foxpro\\factures.dbf'
2025-08-13 18:54:16,109 ERROR Erreur lors de l'écriture dans le fichier DBF: field 'TAUXTVA': ('Integer portion too big',)
2025-08-13 18:54:16,110 ERROR Erreur fatale lors de la création du fichier DBF: [WinError 32] The process cannot access the file because it is being used by another process: 'C:\\Users\\pc\\Desktop\\stage_emsi_2025\\backend\\foxpro\\factures.dbf'
2025-08-13 18:54:16,110 WARNING Impossible de créer le fichier DBF: [WinError 32] The process cannot access the file because it is being used by another process: 'C:\\Users\\pc\\Desktop\\stage_emsi_2025\\backend\\foxpro\\factures.dbf'
2025-08-13 19:10:35,315 ERROR Erreur lors de l'écriture dans le fichier DBF: field 'TAUXTVA': ('Integer portion too big',)
2025-08-13 19:10:35,341 ERROR Erreur fatale lors de la création du fichier DBF: C:\Users\pc\Desktop\stage_emsi_2025\backend\foxpro\factures.dbf not in read/write mode, unable to append records
2025-08-13 19:10:35,343 WARNING Impossible de créer le fichier DBF: C:\Users\pc\Desktop\stage_emsi_2025\backend\foxpro\factures.dbf not in read/write mode, unable to append records
2025-08-13 19:11:37,609 ERROR Erreur lors de l'écriture dans le fichier DBF: field 'TAUXTVA': ('Integer portion too big',)
2025-08-13 19:11:37,632 ERROR Erreur fatale lors de la création du fichier DBF: C:\Users\pc\Desktop\stage_emsi_2025\backend\foxpro\factures.dbf not in read/write mode, unable to append records
2025-08-13 19:11:37,634 WARNING Impossible de créer le fichier DBF: C:\Users\pc\Desktop\stage_emsi_2025\backend\foxpro\factures.dbf not in read/write mode, unable to append records
2025-08-13 19:11:37,713 ERROR Erreur lors de l'écriture dans le fichier DBF: field 'TAUXTVA': ('Integer portion too big',)
2025-08-13 19:11:37,728 ERROR Erreur fatale lors de la création du fichier DBF: C:\Users\pc\Desktop\stage_emsi_2025\backend\foxpro\factures.dbf not in read/write mode, unable to append records
2025-08-13 19:11:37,728 WARNING Impossible de créer le fichier DBF: C:\Users\pc\Desktop\stage_emsi_2025\backend\foxpro\factures.dbf not in read/write mode, unable to append records
2025-08-13 19:12:31,735 ERROR Erreur lors de l'écriture dans le fichier DBF: field 'TAUXTVA': ('Integer portion too big',)
2025-08-13 19:12:31,745 ERROR Erreur fatale lors de la création du fichier DBF: C:\Users\pc\Desktop\stage_emsi_2025\backend\foxpro\factures.dbf not in read/write mode, unable to append records
2025-08-13 19:12:31,745 WARNING Impossible de créer le fichier DBF: C:\Users\pc\Desktop\stage_emsi_2025\backend\foxpro\factures.dbf not in read/write mode, unable to append records
2025-08-13 19:12:31,830 ERROR Erreur lors de l'écriture dans le fichier DBF: field 'TAUXTVA': ('Integer portion too big',)
2025-08-13 19:12:31,842 ERROR Erreur fatale lors de la création du fichier DBF: C:\Users\pc\Desktop\stage_emsi_2025\backend\foxpro\factures.dbf not in read/write mode, unable to append records
2025-08-13 19:12:31,842 WARNING Impossible de créer le fichier DBF: C:\Users\pc\Desktop\stage_emsi_2025\backend\foxpro\factures.dbf not in read/write mode, unable to append records
2025-08-13 19:17:36,885 INFO Database tables created successfully
2025-08-13 19:17:36,889 INFO Default data inserted successfully
2025-08-13 19:17:36,891 INFO Database initialization completed successfully
2025-08-13 19:21:50,346 ERROR Erreur lors de l'écriture dans le fichier DBF: field 'TAUXTVA': ('Integer portion too big',)
2025-08-13 19:21:50,362 ERROR Erreur fatale lors de la création du fichier DBF: C:\Users\pc\Desktop\stage_emsi_2025\backend\foxpro\factures.dbf not in read/write mode, unable to append records
2025-08-13 19:21:50,362 WARNING Impossible de créer le fichier DBF: C:\Users\pc\Desktop\stage_emsi_2025\backend\foxpro\factures.dbf not in read/write mode, unable to append records
2025-08-13 19:21:50,405 ERROR Erreur lors de l'écriture dans le fichier DBF: field 'TAUXTVA': ('Integer portion too big',)
2025-08-13 19:21:50,426 ERROR Erreur fatale lors de la création du fichier DBF: C:\Users\pc\Desktop\stage_emsi_2025\backend\foxpro\factures.dbf not in read/write mode, unable to append records
2025-08-13 19:21:50,426 WARNING Impossible de créer le fichier DBF: C:\Users\pc\Desktop\stage_emsi_2025\backend\foxpro\factures.dbf not in read/write mode, unable to append records
2025-08-13 19:21:50,479 ERROR Erreur lors de l'écriture dans le fichier DBF: field 'TAUXTVA': ('Integer portion too big',)
2025-08-13 19:21:50,493 ERROR Erreur fatale lors de la création du fichier DBF: C:\Users\pc\Desktop\stage_emsi_2025\backend\foxpro\factures.dbf not in read/write mode, unable to append records
2025-08-13 19:21:50,497 WARNING Impossible de créer le fichier DBF: C:\Users\pc\Desktop\stage_emsi_2025\backend\foxpro\factures.dbf not in read/write mode, unable to append records
2025-08-13 19:21:50,528 ERROR Erreur lors de l'écriture dans le fichier DBF: field 'TAUXTVA': ('Integer portion too big',)
2025-08-13 19:21:50,542 ERROR Erreur fatale lors de la création du fichier DBF: C:\Users\pc\Desktop\stage_emsi_2025\backend\foxpro\factures.dbf not in read/write mode, unable to append records
2025-08-13 19:21:50,542 WARNING Impossible de créer le fichier DBF: C:\Users\pc\Desktop\stage_emsi_2025\backend\foxpro\factures.dbf not in read/write mode, unable to append records
2025-08-13 19:23:48,090 ERROR Erreur lors de l'écriture dans le fichier DBF: field 'TAUXTVA': ('Integer portion too big',)
2025-08-13 19:23:48,113 ERROR Erreur fatale lors de la création du fichier DBF: C:\Users\pc\Desktop\stage_emsi_2025\backend\foxpro\factures.dbf not in read/write mode, unable to append records
2025-08-13 19:23:48,113 WARNING Impossible de créer le fichier DBF: C:\Users\pc\Desktop\stage_emsi_2025\backend\foxpro\factures.dbf not in read/write mode, unable to append records
2025-08-13 19:32:02,888 ERROR Erreur lors de l'écriture dans le fichier DBF: field 'TAUXTVA': ('Integer portion too big',)
2025-08-13 19:32:02,903 ERROR Erreur fatale lors de la création du fichier DBF: C:\Users\pc\Desktop\stage_emsi_2025\backend\foxpro\factures.dbf not in read/write mode, unable to append records
2025-08-13 19:32:02,905 WARNING Impossible de créer le fichier DBF: C:\Users\pc\Desktop\stage_emsi_2025\backend\foxpro\factures.dbf not in read/write mode, unable to append records
2025-08-13 19:41:43,318 INFO Database tables created successfully
2025-08-13 19:41:43,322 INFO Default data inserted successfully
2025-08-13 19:41:43,322 INFO Database initialization completed successfully
2025-08-13 19:50:49,220 INFO Database tables created successfully
2025-08-13 19:50:49,235 INFO Default data inserted successfully
2025-08-13 19:50:49,235 INFO Database initialization completed successfully
2025-08-13 19:58:12,894 INFO Database tables created successfully
2025-08-13 19:58:12,910 INFO Default data inserted successfully
2025-08-13 19:58:12,910 INFO Database initialization completed successfully
2025-08-13 19:59:21,952 ERROR Erreur lors de l'écriture dans le fichier DBF: field 'TAUXTVA': ('Integer portion too big',)
2025-08-13 19:59:21,952 ERROR Erreur fatale lors de la création du fichier DBF: [WinError 32] The process cannot access the file because it is being used by another process: 'C:\\Users\\pc\\Desktop\\stage_emsi_2025\\backend\\foxpro\\factures.dbf'
2025-08-13 19:59:21,952 WARNING Impossible de créer le fichier DBF: [WinError 32] The process cannot access the file because it is being used by another process: 'C:\\Users\\pc\\Desktop\\stage_emsi_2025\\backend\\foxpro\\factures.dbf'
2025-08-13 20:18:23,399 INFO Database tables created successfully
2025-08-13 20:18:23,399 INFO Default data inserted successfully
2025-08-13 20:18:23,399 INFO Database initialization completed successfully
2025-08-13 20:23:25,156 ERROR Erreur lors de l'écriture dans le fichier DBF: 'ascii' codec can't encode character '\xb0' in position 20: ordinal not in range(128)
2025-08-13 20:23:25,161 ERROR Erreur fatale lors de la création du fichier DBF: C:\Users\pc\Desktop\stage_emsi_2025\backend\foxpro\factures.dbf not in read/write mode, unable to append records
2025-08-13 20:23:25,161 WARNING Impossible de créer le fichier DBF: C:\Users\pc\Desktop\stage_emsi_2025\backend\foxpro\factures.dbf not in read/write mode, unable to append records
2025-08-14 15:03:30,299 INFO Database tables created successfully
2025-08-14 15:03:30,304 INFO Default data inserted successfully
2025-08-14 15:03:30,304 INFO Database initialization completed successfully
2025-08-14 16:01:18,271 INFO Database tables created successfully
2025-08-14 16:01:18,277 INFO Default data inserted successfully
2025-08-14 16:01:18,277 INFO Database initialization completed successfully
2025-08-14 16:03:57,505 INFO Database tables created successfully
2025-08-14 16:03:57,505 INFO Default data inserted successfully
2025-08-14 16:03:57,505 INFO Database initialization completed successfully
2025-08-14 16:24:10,664 INFO Database tables created successfully
2025-08-14 16:24:10,664 INFO Default data inserted successfully
2025-08-14 16:24:10,664 INFO Database initialization completed successfully
2025-08-14 16:25:03,563 INFO Database tables created successfully
2025-08-14 16:25:03,576 INFO Default data inserted successfully
2025-08-14 16:25:03,576 INFO Database initialization completed successfully
2025-08-14 16:28:58,614 INFO Database tables created successfully
2025-08-14 16:28:58,631 INFO Default data inserted successfully
2025-08-14 16:28:58,631 INFO Database initialization completed successfully
2025-08-14 16:29:40,680 INFO Database tables created successfully
2025-08-14 16:29:40,680 INFO Default data inserted successfully
2025-08-14 16:29:40,680 INFO Database initialization completed successfully
2025-08-14 16:34:54,580 INFO Database tables created successfully
2025-08-14 16:34:54,580 INFO Default data inserted successfully
2025-08-14 16:34:54,580 INFO Database initialization completed successfully
2025-08-14 19:16:53,223 INFO Database tables created successfully
2025-08-14 19:16:53,233 INFO Default data inserted successfully
2025-08-14 19:16:53,233 INFO Database initialization completed successfully
2025-08-14 19:46:18,517 INFO Database tables created successfully
2025-08-14 19:46:18,523 INFO Default data inserted successfully
2025-08-14 19:46:18,523 INFO Database initialization completed successfully
2025-08-15 12:41:06,828 INFO Database tables created successfully
2025-08-15 12:41:06,836 INFO Default data inserted successfully
2025-08-15 12:41:06,836 INFO Database initialization completed successfully
2025-08-15 12:52:01,317 ERROR Erreur lors de l'écriture dans le fichier DBF: could not convert string to float: ''
2025-08-15 12:52:01,321 ERROR Erreur fatale lors de la création du fichier DBF: [WinError 32] The process cannot access the file because it is being used by another process: 'C:\\Users\\pc\\Desktop\\stage_emsi_2025\\backend\\foxpro\\factures.dbf'
2025-08-15 12:52:01,321 WARNING Impossible de créer le fichier DBF: [WinError 32] The process cannot access the file because it is being used by another process: 'C:\\Users\\pc\\Desktop\\stage_emsi_2025\\backend\\foxpro\\factures.dbf'
2025-08-15 12:54:59,560 ERROR Erreur lors de l'écriture dans le fichier DBF: could not convert string to float: '20%'
2025-08-15 12:54:59,560 ERROR Erreur fatale lors de la création du fichier DBF: [WinError 32] The process cannot access the file because it is being used by another process: 'C:\\Users\\pc\\Desktop\\stage_emsi_2025\\backend\\foxpro\\factures.dbf'
2025-08-15 12:54:59,560 WARNING Impossible de créer le fichier DBF: [WinError 32] The process cannot access the file because it is being used by another process: 'C:\\Users\\pc\\Desktop\\stage_emsi_2025\\backend\\foxpro\\factures.dbf'
2025-08-15 12:55:15,434 ERROR Erreur lors de l'écriture dans le fichier DBF: could not convert string to float: '20%'
2025-08-15 12:55:15,438 ERROR Erreur fatale lors de la création du fichier DBF: [WinError 32] The process cannot access the file because it is being used by another process: 'C:\\Users\\pc\\Desktop\\stage_emsi_2025\\backend\\foxpro\\factures.dbf'
2025-08-15 12:55:15,438 WARNING Impossible de créer le fichier DBF: [WinError 32] The process cannot access the file because it is being used by another process: 'C:\\Users\\pc\\Desktop\\stage_emsi_2025\\backend\\foxpro\\factures.dbf'
2025-08-15 12:55:19,870 ERROR Erreur lors de l'écriture dans le fichier DBF: could not convert string to float: '20%'
2025-08-15 12:55:19,874 ERROR Erreur fatale lors de la création du fichier DBF: [WinError 32] The process cannot access the file because it is being used by another process: 'C:\\Users\\pc\\Desktop\\stage_emsi_2025\\backend\\foxpro\\factures.dbf'
2025-08-15 12:55:19,876 WARNING Impossible de créer le fichier DBF: [WinError 32] The process cannot access the file because it is being used by another process: 'C:\\Users\\pc\\Desktop\\stage_emsi_2025\\backend\\foxpro\\factures.dbf'
2025-08-15 12:55:33,586 ERROR Erreur lors de l'écriture dans le fichier DBF: could not convert string to float: '20%'
2025-08-15 12:55:33,586 ERROR Erreur fatale lors de la création du fichier DBF: [WinError 32] The process cannot access the file because it is being used by another process: 'C:\\Users\\pc\\Desktop\\stage_emsi_2025\\backend\\foxpro\\factures.dbf'
2025-08-15 12:55:33,588 WARNING Impossible de créer le fichier DBF: [WinError 32] The process cannot access the file because it is being used by another process: 'C:\\Users\\pc\\Desktop\\stage_emsi_2025\\backend\\foxpro\\factures.dbf'
2025-08-15 12:55:34,448 ERROR Erreur lors de l'écriture dans le fichier DBF: could not convert string to float: '20%'
2025-08-15 12:55:34,450 ERROR Erreur fatale lors de la création du fichier DBF: [WinError 32] The process cannot access the file because it is being used by another process: 'C:\\Users\\pc\\Desktop\\stage_emsi_2025\\backend\\foxpro\\factures.dbf'
2025-08-15 12:55:34,452 WARNING Impossible de créer le fichier DBF: [WinError 32] The process cannot access the file because it is being used by another process: 'C:\\Users\\pc\\Desktop\\stage_emsi_2025\\backend\\foxpro\\factures.dbf'
2025-08-15 13:01:02,466 ERROR Erreur lors de l'écriture dans le fichier DBF: could not convert string to float: '20%'
2025-08-15 13:01:02,466 ERROR Erreur fatale lors de la création du fichier DBF: [WinError 32] The process cannot access the file because it is being used by another process: 'C:\\Users\\pc\\Desktop\\stage_emsi_2025\\backend\\foxpro\\factures.dbf'
2025-08-15 13:01:02,466 WARNING Impossible de créer le fichier DBF: [WinError 32] The process cannot access the file because it is being used by another process: 'C:\\Users\\pc\\Desktop\\stage_emsi_2025\\backend\\foxpro\\factures.dbf'
2025-08-15 23:11:29,889 INFO Database tables created successfully
2025-08-15 23:11:29,905 INFO Default data inserted successfully
2025-08-15 23:11:29,905 INFO Database initialization completed successfully
2025-08-15 23:12:37,884 ERROR Erreur lors de l'écriture dans le fichier DBF: could not convert string to float: '20%'
2025-08-15 23:12:37,886 ERROR Erreur fatale lors de la création du fichier DBF: [WinError 32] The process cannot access the file because it is being used by another process: 'C:\\Users\\pc\\Desktop\\stage_emsi_2025\\backend\\foxpro\\factures.dbf'
2025-08-15 23:12:37,886 WARNING Impossible de créer le fichier DBF: [WinError 32] The process cannot access the file because it is being used by another process: 'C:\\Users\\pc\\Desktop\\stage_emsi_2025\\backend\\foxpro\\factures.dbf'
2025-08-15 23:15:28,269 INFO Database tables created successfully
2025-08-15 23:15:28,269 INFO Default data inserted successfully
2025-08-15 23:15:28,269 INFO Database initialization completed successfully
2025-08-15 23:16:21,865 ERROR Erreur lors de l'écriture dans le fichier DBF: could not convert string to float: '20%'
2025-08-15 23:16:21,865 ERROR Erreur fatale lors de la création du fichier DBF: [WinError 32] The process cannot access the file because it is being used by another process: 'C:\\Users\\pc\\Desktop\\stage_emsi_2025\\backend\\foxpro\\factures.dbf'
2025-08-15 23:16:21,865 WARNING Impossible de créer le fichier DBF: [WinError 32] The process cannot access the file because it is being used by another process: 'C:\\Users\\pc\\Desktop\\stage_emsi_2025\\backend\\foxpro\\factures.dbf'
2025-08-15 23:21:13,149 ERROR Erreur lors de l'écriture dans le fichier DBF: could not convert string to float: '20%'
2025-08-15 23:21:13,152 ERROR Erreur fatale lors de la création du fichier DBF: [WinError 32] The process cannot access the file because it is being used by another process: 'C:\\Users\\pc\\Desktop\\stage_emsi_2025\\backend\\foxpro\\factures.dbf'
2025-08-15 23:21:13,152 WARNING Impossible de créer le fichier DBF: [WinError 32] The process cannot access the file because it is being used by another process: 'C:\\Users\\pc\\Desktop\\stage_emsi_2025\\backend\\foxpro\\factures.dbf'
2025-08-15 23:21:38,760 INFO Database tables created successfully
2025-08-15 23:21:38,776 INFO Default data inserted successfully
2025-08-15 23:21:38,776 INFO Database initialization completed successfully
2025-08-15 23:21:50,706 ERROR Erreur lors de l'écriture dans le fichier DBF: could not convert string to float: '20%'
2025-08-15 23:21:50,707 ERROR Erreur fatale lors de la création du fichier DBF: [WinError 32] The process cannot access the file because it is being used by another process: 'C:\\Users\\pc\\Desktop\\stage_emsi_2025\\backend\\foxpro\\factures.dbf'
2025-08-15 23:21:50,707 WARNING Impossible de créer le fichier DBF: [WinError 32] The process cannot access the file because it is being used by another process: 'C:\\Users\\pc\\Desktop\\stage_emsi_2025\\backend\\foxpro\\factures.dbf'
2025-08-15 23:22:26,529 ERROR Erreur lors de l'écriture dans le fichier DBF: could not convert string to float: '20%'
2025-08-15 23:22:26,529 ERROR Erreur fatale lors de la création du fichier DBF: [WinError 32] The process cannot access the file because it is being used by another process: 'C:\\Users\\pc\\Desktop\\stage_emsi_2025\\backend\\foxpro\\factures.dbf'
2025-08-15 23:22:26,529 WARNING Impossible de créer le fichier DBF: [WinError 32] The process cannot access the file because it is being used by another process: 'C:\\Users\\pc\\Desktop\\stage_emsi_2025\\backend\\foxpro\\factures.dbf'
2025-08-15 23:25:16,868 ERROR Erreur lors de l'inscription: 
2025-08-15 23:28:14,671 ERROR Erreur lors de l'écriture dans le fichier DBF: field 'NUMFACT': ('tried to store 19 bytes in 15 byte field',)
2025-08-15 23:28:14,681 ERROR Erreur fatale lors de la création du fichier DBF: C:\Users\pc\Desktop\stage_emsi_2025\backend\foxpro\factures.dbf not in read/write mode, unable to append records
2025-08-15 23:28:14,681 WARNING Impossible de créer le fichier DBF: C:\Users\pc\Desktop\stage_emsi_2025\backend\foxpro\factures.dbf not in read/write mode, unable to append records
2025-08-15 23:29:54,726 ERROR Erreur lors de l'écriture dans le fichier DBF: could not convert string to float: '20%'
2025-08-15 23:29:54,726 ERROR Erreur fatale lors de la création du fichier DBF: could not convert string to float: '20%'
2025-08-15 23:29:54,726 WARNING Impossible de créer le fichier DBF: could not convert string to float: '20%'
